2022-08-07 15:37:50 INFO  BaseClass:40 - Brower Name :chrome
  2022-08-07 15:37:54 INFO  BaseClass:45 - Application URL :https://www.bookswagon.com/login
  2022-08-07 15:38:06 INFO  BaseClass:52 - Add new address Method Runing...
  2022-08-07 15:38:35 INFO  BaseClass:40 - Brower Name :chrome
  2022-08-07 15:38:37 INFO  BaseClass:45 - Application URL :https://www.bookswagon.com/login
  2022-08-07 15:38:47 INFO  BaseClass:50 - user change the password Method Runing...
  2022-08-07 15:38:55 INFO  BaseClass:40 - Brower Name :chrome
  2022-08-07 15:38:57 INFO  BaseClass:45 - Application URL :https://www.bookswagon.com/login
  2022-08-07 15:39:07 INFO  BaseClass:37 - LoginTest Method Runing...
  2022-08-07 15:39:14 INFO  BaseClass:40 - Brower Name :chrome
  2022-08-07 15:39:15 INFO  BaseClass:45 - Application URL :https://www.bookswagon.com/login
  2022-08-07 15:39:26 INFO  BaseClass:53 - Multiple user login Method Runing...
  2022-08-07 15:39:34 INFO  BaseClass:40 - Brower Name :chrome
  2022-08-07 15:39:37 INFO  BaseClass:45 - Application URL :https://www.bookswagon.com/login
  2022-08-07 15:39:47 INFO  BaseClass:53 - Multiple user login Method Runing...
  2022-08-07 15:39:53 INFO  BaseClass:40 - Brower Name :chrome
  2022-08-07 15:39:54 INFO  BaseClass:45 - Application URL :https://www.bookswagon.com/login
  2022-08-07 15:40:04 INFO  BaseClass:53 - Multiple user login Method Runing...
  2022-08-07 15:40:11 INFO  BaseClass:40 - Brower Name :chrome
  2022-08-07 15:40:13 INFO  BaseClass:45 - Application URL :https://www.bookswagon.com/login
  2022-08-07 15:40:24 INFO  BaseClass:48 - user request the book Method Runing...
  2022-08-07 15:40:34 INFO  BaseClass:40 - Brower Name :chrome
  2022-08-07 15:40:35 INFO  BaseClass:45 - Application URL :https://www.bookswagon.com/login
  2022-08-07 15:40:47 INFO  BaseClass:48 - user request the book Method Runing...
  2022-08-07 15:40:57 INFO  BaseClass:40 - Brower Name :chrome
  2022-08-07 15:40:59 INFO  BaseClass:45 - Application URL :https://www.bookswagon.com/login
  2022-08-07 15:41:08 INFO  BaseClass:37 - Feature Author Method Runing...
  2022-08-07 15:41:18 INFO  BaseClass:40 - Brower Name :chrome
  2022-08-07 15:41:19 INFO  BaseClass:45 - Application URL :https://www.bookswagon.com/login
  2022-08-07 15:41:30 INFO  BaseClass:47 - Search by book name Method Runing...
  2022-08-07 15:41:38 INFO  BaseClass:40 - Brower Name :chrome
  2022-08-07 15:41:40 INFO  BaseClass:45 - Application URL :https://www.bookswagon.com/login
  2022-08-07 15:41:51 INFO  BaseClass:57 - Search by Author name Method Runing...
  2022-08-07 15:41:59 INFO  BaseClass:40 - Brower Name :chrome
  2022-08-07 15:42:00 INFO  BaseClass:45 - Application URL :https://www.bookswagon.com/login
  2022-08-07 15:42:10 INFO  BaseClass:67 - Search by Publisher Method Runing...
  2022-08-07 15:42:19 INFO  BaseClass:40 - Brower Name :chrome
  2022-08-07 15:42:20 INFO  BaseClass:45 - Application URL :https://www.bookswagon.com/login
  2022-08-07 15:42:31 INFO  BaseClass:77 - Wishlist Method Runing...
  2022-08-07 15:45:45 INFO  BaseClass:40 - Brower Name :chrome
  2022-08-07 15:45:47 INFO  BaseClass:45 - Application URL :https://www.bookswagon.com/login
  2022-08-07 15:45:58 INFO  BaseClass:52 - Add new address Method Runing...
  2022-08-07 15:46:28 INFO  BaseClass:40 - Brower Name :chrome
  2022-08-07 15:46:29 INFO  BaseClass:45 - Application URL :https://www.bookswagon.com/login
  2022-08-07 15:46:41 INFO  BaseClass:50 - user change the password Method Runing...
  2022-08-07 15:46:57 INFO  BaseClass:40 - Brower Name :chrome
  2022-08-07 15:46:59 INFO  BaseClass:45 - Application URL :https://www.bookswagon.com/login
  2022-08-07 15:47:09 INFO  BaseClass:37 - LoginTest Method Runing...
  2022-08-07 15:47:17 INFO  BaseClass:40 - Brower Name :chrome
  2022-08-07 15:47:18 INFO  BaseClass:45 - Application URL :https://www.bookswagon.com/login
  2022-08-07 15:47:27 INFO  BaseClass:53 - Multiple user login Method Runing...
  2022-08-07 15:47:33 INFO  BaseClass:40 - Brower Name :chrome
  2022-08-07 15:47:35 INFO  BaseClass:45 - Application URL :https://www.bookswagon.com/login
  2022-08-07 15:47:43 INFO  BaseClass:53 - Multiple user login Method Runing...
  2022-08-07 15:47:50 INFO  BaseClass:40 - Brower Name :chrome
  2022-08-07 15:47:52 INFO  BaseClass:45 - Application URL :https://www.bookswagon.com/login
  2022-08-07 15:48:00 INFO  BaseClass:53 - Multiple user login Method Runing...
  2022-08-07 15:48:07 INFO  BaseClass:40 - Brower Name :chrome
  2022-08-07 15:48:08 INFO  BaseClass:45 - Application URL :https://www.bookswagon.com/login
  2022-08-07 15:48:20 INFO  BaseClass:48 - user request the book Method Runing...
  2022-08-07 15:48:29 INFO  BaseClass:40 - Brower Name :chrome
  2022-08-07 15:48:30 INFO  BaseClass:45 - Application URL :https://www.bookswagon.com/login
  2022-08-07 15:48:43 INFO  BaseClass:48 - user request the book Method Runing...
  2022-08-07 15:48:53 INFO  BaseClass:40 - Brower Name :chrome
  2022-08-07 15:48:54 INFO  BaseClass:45 - Application URL :https://www.bookswagon.com/login
  2022-08-07 15:49:07 INFO  BaseClass:37 - Feature Author Method Runing...
  2022-08-07 15:49:16 INFO  BaseClass:40 - Brower Name :chrome
  2022-08-07 15:49:17 INFO  BaseClass:45 - Application URL :https://www.bookswagon.com/login
  2022-08-07 15:49:28 INFO  BaseClass:47 - Search by book name Method Runing...
  2022-08-07 15:49:37 INFO  BaseClass:40 - Brower Name :chrome
  2022-08-07 15:49:38 INFO  BaseClass:45 - Application URL :https://www.bookswagon.com/login
  2022-08-07 15:49:48 INFO  BaseClass:57 - Search by Author name Method Runing...
  2022-08-07 15:49:57 INFO  BaseClass:40 - Brower Name :chrome
  2022-08-07 15:49:58 INFO  BaseClass:45 - Application URL :https://www.bookswagon.com/login
  2022-08-07 15:50:09 INFO  BaseClass:67 - Search by Publisher Method Runing...
  2022-08-07 15:50:18 INFO  BaseClass:40 - Brower Name :chrome
  2022-08-07 15:50:19 INFO  BaseClass:45 - Application URL :https://www.bookswagon.com/login
  2022-08-07 15:50:31 INFO  BaseClass:77 - Wishlist Method Runing...
  2022-08-26 13:18:32 INFO  BaseClass:40 - Brower Name :chrome
  2022-08-26 13:18:36 INFO  BaseClass:45 - Application URL :https://www.bookswagon.com/login
  2022-08-26 13:19:05 INFO  BaseClass:52 - Add new address Method Runing...
  2022-08-26 13:20:49 INFO  BaseClass:40 - Brower Name :chrome
  2022-08-26 13:20:53 INFO  BaseClass:45 - Application URL :https://www.bookswagon.com/login
  2022-08-26 13:20:59 INFO  BaseClass:52 - Add new address Method Runing...
  2022-08-26 13:24:29 INFO  BaseClass:40 - Brower Name :chrome
  2022-08-26 13:24:33 INFO  BaseClass:45 - Application URL :https://www.bookswagon.com/login
  2022-08-26 13:24:45 INFO  BaseClass:52 - Add new address Method Runing...
  2022-08-26 13:26:11 INFO  BaseClass:40 - Brower Name :chrome
  2022-08-26 13:26:14 INFO  BaseClass:45 - Application URL :https://www.bookswagon.com/login
  2022-08-26 13:26:47 INFO  BaseClass:52 - Add new address Method Runing...
  2022-08-26 13:31:27 INFO  BaseClass:40 - Brower Name :chrome
  2022-08-26 13:31:30 INFO  BaseClass:45 - Application URL :https://www.bookswagon.com/login
  2022-08-26 13:31:54 INFO  BaseClass:37 - LoginTest Method Runing...
  2022-08-26 13:32:03 INFO  BaseClass:40 - Brower Name :chrome
  2022-08-26 13:32:04 INFO  BaseClass:45 - Application URL :https://www.bookswagon.com/login
  2022-08-26 13:32:11 INFO  BaseClass:53 - Multiple user login Method Runing...
  2022-08-26 13:32:17 INFO  BaseClass:40 - Brower Name :chrome
  2022-08-26 13:32:18 INFO  BaseClass:45 - Application URL :https://www.bookswagon.com/login
  2022-08-26 13:32:35 INFO  BaseClass:53 - Multiple user login Method Runing...
  2022-08-26 13:32:42 INFO  BaseClass:40 - Brower Name :chrome
  2022-08-26 13:32:44 INFO  BaseClass:45 - Application URL :https://www.bookswagon.com/login
  2022-08-26 13:32:59 INFO  BaseClass:53 - Multiple user login Method Runing...
  2022-08-26 13:33:22 INFO  BaseClass:40 - Brower Name :chrome
  2022-08-26 13:33:25 INFO  BaseClass:45 - Application URL :https://www.bookswagon.com/login
  2022-08-26 13:33:33 INFO  BaseClass:48 - user request the book Method Runing...
  2022-08-26 13:33:42 INFO  BaseClass:40 - Brower Name :chrome
  2022-08-26 13:33:43 INFO  BaseClass:45 - Application URL :https://www.bookswagon.com/login
  2022-08-26 13:33:53 INFO  BaseClass:48 - user request the book Method Runing...
  2022-08-26 13:34:36 INFO  BaseClass:40 - Brower Name :chrome
  2022-08-26 13:34:38 INFO  BaseClass:40 - Brower Name :chrome
  2022-08-26 13:34:40 INFO  BaseClass:45 - Application URL :https://www.bookswagon.com/login
  2022-08-26 13:34:42 INFO  BaseClass:45 - Application URL :https://www.bookswagon.com/login
  2022-08-26 13:35:28 INFO  BaseClass:37 - Feature Author Method Runing...
  2022-08-26 13:35:34 INFO  BaseClass:37 - Feature Author Method Runing...
  2022-08-26 13:35:46 INFO  BaseClass:40 - Brower Name :chrome
  2022-08-26 13:35:47 INFO  BaseClass:45 - Application URL :https://www.bookswagon.com/login
  2022-08-26 13:36:03 INFO  BaseClass:40 - Brower Name :chrome
  2022-08-26 13:36:04 INFO  BaseClass:45 - Application URL :https://www.bookswagon.com/login
  2022-08-26 13:36:42 INFO  BaseClass:47 - Search by book name Method Runing...
  2022-08-26 13:36:50 INFO  BaseClass:47 - Search by book name Method Runing...
  2022-08-26 13:36:58 INFO  BaseClass:40 - Brower Name :chrome
  2022-08-26 13:36:59 INFO  BaseClass:45 - Application URL :https://www.bookswagon.com/login
  2022-08-26 13:37:05 INFO  BaseClass:40 - Brower Name :chrome
  2022-08-26 13:37:06 INFO  BaseClass:45 - Application URL :https://www.bookswagon.com/login
  2022-08-26 13:37:12 INFO  BaseClass:57 - Search by Author name Method Runing...
  2022-08-26 13:37:27 INFO  BaseClass:57 - Search by Author name Method Runing...
  2022-08-26 13:37:28 INFO  BaseClass:40 - Brower Name :chrome
  2022-08-26 13:37:28 INFO  BaseClass:45 - Application URL :https://www.bookswagon.com/login
  2022-08-26 13:37:43 INFO  BaseClass:40 - Brower Name :chrome
  2022-08-26 13:37:44 INFO  BaseClass:45 - Application URL :https://www.bookswagon.com/login
  2022-08-26 13:38:19 INFO  BaseClass:67 - Search by Publisher Method Runing...
  2022-08-26 13:38:34 INFO  BaseClass:40 - Brower Name :chrome
  2022-08-26 13:38:35 INFO  BaseClass:45 - Application URL :https://www.bookswagon.com/login
  2022-08-26 13:39:20 INFO  BaseClass:77 - Wishlist Method Runing...
  2022-08-26 13:39:29 INFO  BaseClass:40 - Brower Name :chrome
  2022-08-26 13:39:32 INFO  BaseClass:45 - Application URL :https://www.bookswagon.com/login
  2022-08-26 13:39:39 INFO  BaseClass:37 - Feature Author Method Runing...
  2022-08-26 13:39:50 INFO  BaseClass:40 - Brower Name :chrome
  2022-08-26 13:39:51 INFO  BaseClass:45 - Application URL :https://www.bookswagon.com/login
  2022-08-26 13:40:01 INFO  BaseClass:47 - Search by book name Method Runing...
  2022-08-26 13:40:17 INFO  BaseClass:40 - Brower Name :chrome
  2022-08-26 13:40:18 INFO  BaseClass:45 - Application URL :https://www.bookswagon.com/login
  2022-08-26 13:40:28 INFO  BaseClass:57 - Search by Author name Method Runing...
  2022-08-26 13:40:43 INFO  BaseClass:40 - Brower Name :chrome
  2022-08-26 13:40:44 INFO  BaseClass:45 - Application URL :https://www.bookswagon.com/login
  2022-08-26 13:40:56 INFO  BaseClass:67 - Search by Publisher Method Runing...
  2022-08-26 13:41:11 INFO  BaseClass:40 - Brower Name :chrome
  2022-08-26 13:41:12 INFO  BaseClass:45 - Application URL :https://www.bookswagon.com/login
  2022-08-26 13:41:35 INFO  BaseClass:77 - Wishlist Method Runing...
  2022-08-26 13:51:43 INFO  WishListTest:31 - ******** Starting test cases execution  *********
  2022-08-26 13:51:43 INFO  BaseClass:40 - Brower Name :chrome
  2022-08-26 13:51:46 INFO  BaseClass:45 - Application URL :https://www.bookswagon.com/login
  2022-08-26 13:52:03 INFO  WishListTest:40 - Feature Author Method Runing...
  2022-08-26 13:52:17 INFO  WishListTest:84 - browser is closed
  2022-08-26 13:52:17 INFO  WishListTest:31 - ******** Starting test cases execution  *********
  2022-08-26 13:52:17 INFO  BaseClass:40 - Brower Name :chrome
  2022-08-26 13:52:19 INFO  BaseClass:45 - Application URL :https://www.bookswagon.com/login
  2022-08-26 13:52:30 INFO  WishListTest:49 - Search by book name Method Runing...
  2022-08-26 13:52:45 INFO  WishListTest:84 - browser is closed
  2022-08-26 13:52:45 INFO  WishListTest:31 - ******** Starting test cases execution  *********
  2022-08-26 13:52:45 INFO  BaseClass:40 - Brower Name :chrome
  2022-08-26 13:52:47 INFO  BaseClass:45 - Application URL :https://www.bookswagon.com/login
  2022-08-26 13:52:53 INFO  WishListTest:58 - Search by Author name Method Runing...
  2022-08-26 13:53:10 INFO  WishListTest:84 - browser is closed
  2022-08-26 13:53:10 INFO  WishListTest:31 - ******** Starting test cases execution  *********
  2022-08-26 13:53:10 INFO  BaseClass:40 - Brower Name :chrome
  2022-08-26 13:53:12 INFO  BaseClass:45 - Application URL :https://www.bookswagon.com/login
  2022-08-26 13:53:26 INFO  WishListTest:67 - Search by Publisher Method Runing...
  2022-08-26 13:53:41 INFO  WishListTest:84 - browser is closed
  2022-08-26 13:53:41 INFO  WishListTest:31 - ******** Starting test cases execution  *********
  2022-08-26 13:53:41 INFO  BaseClass:40 - Brower Name :chrome
  2022-08-26 13:53:43 INFO  BaseClass:45 - Application URL :https://www.bookswagon.com/login
  2022-08-26 13:54:03 INFO  WishListTest:76 - Wishlist Method Runing...
  2022-08-26 13:54:12 INFO  WishListTest:84 - browser is closed
  2022-08-26 13:58:57 INFO  WishListTest:31 - ******** Starting test cases execution  *********
  2022-08-26 13:58:57 INFO  BaseClass:40 - Brower Name :chrome
  2022-08-26 13:59:02 INFO  BaseClass:45 - Application URL :https://www.bookswagon.com/login
  2022-08-26 13:59:10 INFO  WishListTest:49 - Search by book name Method Runing...
  2022-08-26 13:59:29 INFO  WishListTest:84 - browser is closed
  2022-08-26 14:40:45 INFO  HomePageTest:26 - ****** Starting test cases execution  *******
  2022-08-26 14:40:45 INFO  BaseClass:40 - Brower Name :chrome
  2022-08-26 14:40:48 INFO  BaseClass:45 - Application URL :https://www.bookswagon.com/login
  2022-08-26 14:41:04 INFO  HomePageTest:30 - ************Login the Application**********************
  2022-08-26 14:41:04 INFO  HomePageTest:31 - Open Home Page
  2022-08-26 14:41:04 INFO  HomePageTest:36 - ****** starting test case ******
  2022-08-26 14:41:04 INFO  HomePageTest:37 - ******* HomePageTitleTest ******
  2022-08-26 14:41:04 INFO  HomePageTest:38 - Opening Home Page
  2022-08-26 14:41:06 INFO  HomePageTest:42 - Title Verified Successfully.....
  2022-08-26 14:41:06 INFO  HomePageTest:43 - ****** ending test case ******
  2022-08-26 14:41:07 INFO  HomePageTest:58 - browser is closed
  2022-08-26 14:41:07 INFO  HomePageTest:26 - ****** Starting test cases execution  *******
  2022-08-26 14:41:07 INFO  BaseClass:40 - Brower Name :chrome
  2022-08-26 14:41:08 INFO  BaseClass:45 - Application URL :https://www.bookswagon.com/login
  2022-08-26 14:41:13 INFO  HomePageTest:30 - ************Login the Application**********************
  2022-08-26 14:41:13 INFO  HomePageTest:31 - Open Home Page
  2022-08-26 14:41:13 INFO  HomePageTest:48 - ****** starting test case ******
  2022-08-26 14:41:13 INFO  HomePageTest:49 - ******* verifyUserNameTest ******
  2022-08-26 14:41:13 INFO  HomePageTest:51 - UserName Verified Successfully.....
  2022-08-26 14:41:13 INFO  HomePageTest:52 - ****** ending test case ******
  2022-08-26 14:41:14 INFO  HomePageTest:58 - browser is closed
  2022-08-26 14:43:23 INFO  BaseClass:40 - Brower Name :chrome
  2022-08-26 14:43:26 INFO  BaseClass:45 - Application URL :https://www.bookswagon.com/login
  2022-08-26 14:44:44 INFO  BaseClass:40 - Brower Name :chrome
  2022-08-26 14:44:47 INFO  BaseClass:45 - Application URL :https://www.bookswagon.com/login
  2022-08-26 14:47:18 INFO  BaseClass:40 - Brower Name :chrome
  2022-08-26 14:47:22 INFO  BaseClass:45 - Application URL :https://www.bookswagon.com/login
  2022-08-26 14:48:07 INFO  BaseClass:40 - Brower Name :chrome
  2022-08-26 14:48:11 INFO  BaseClass:45 - Application URL :https://www.bookswagon.com/login
  2022-08-26 14:48:31 INFO  BaseClass:37 - LoginTest Method Runing...
  2022-08-26 14:48:42 INFO  BaseClass:40 - Brower Name :chrome
  2022-08-26 14:48:43 INFO  BaseClass:45 - Application URL :https://www.bookswagon.com/login
  2022-08-26 14:48:54 INFO  BaseClass:53 - Multiple user login Method Runing...
  2022-08-26 14:49:00 INFO  BaseClass:40 - Brower Name :chrome
  2022-08-26 14:49:01 INFO  BaseClass:45 - Application URL :https://www.bookswagon.com/login
  2022-08-26 14:49:16 INFO  BaseClass:53 - Multiple user login Method Runing...
  2022-08-26 14:49:23 INFO  BaseClass:40 - Brower Name :chrome
  2022-08-26 14:49:24 INFO  BaseClass:45 - Application URL :https://www.bookswagon.com/login
  2022-08-26 14:49:40 INFO  BaseClass:53 - Multiple user login Method Runing...
  2022-08-26 14:52:40 INFO  BaseClass:40 - Brower Name :chrome
  2022-08-26 14:52:43 INFO  BaseClass:45 - Application URL :https://www.bookswagon.com/login
  2022-08-26 14:54:15 INFO  BaseClass:40 - Brower Name :chrome
  2022-08-26 14:54:18 INFO  BaseClass:45 - Application URL :https://www.bookswagon.com/login
  2022-08-26 14:54:29 INFO  BaseClass:52 - Add new address Method Runing...
  2022-08-26 14:54:48 INFO  BaseClass:40 - Brower Name :chrome
  2022-08-26 14:54:49 INFO  BaseClass:45 - Application URL :https://www.bookswagon.com/login
  2022-08-26 14:55:02 INFO  BaseClass:50 - user change the password Method Runing...
  2022-08-26 14:55:18 INFO  BaseClass:40 - Brower Name :chrome
  2022-08-26 14:55:19 INFO  BaseClass:45 - Application URL :https://www.bookswagon.com/login
  2022-08-26 14:55:31 INFO  BaseClass:37 - LoginTest Method Runing...
  2022-08-26 14:55:41 INFO  BaseClass:40 - Brower Name :chrome
  2022-08-26 14:55:42 INFO  BaseClass:45 - Application URL :https://www.bookswagon.com/login
  2022-08-26 14:55:55 INFO  BaseClass:53 - Multiple user login Method Runing...
  2022-08-26 14:56:02 INFO  BaseClass:40 - Brower Name :chrome
  2022-08-26 14:56:03 INFO  BaseClass:45 - Application URL :https://www.bookswagon.com/login
  2022-08-26 14:56:10 INFO  BaseClass:53 - Multiple user login Method Runing...
  2022-08-26 14:56:16 INFO  BaseClass:40 - Brower Name :chrome
  2022-08-26 14:56:17 INFO  BaseClass:45 - Application URL :https://www.bookswagon.com/login
  2022-08-26 14:56:27 INFO  BaseClass:53 - Multiple user login Method Runing...
  2022-08-26 14:56:33 INFO  BaseClass:40 - Brower Name :chrome
  2022-08-26 14:56:34 INFO  BaseClass:45 - Application URL :https://www.bookswagon.com/login
  2022-08-26 14:56:44 INFO  BaseClass:48 - user request the book Method Runing...
  2022-08-26 14:56:53 INFO  BaseClass:40 - Brower Name :chrome
  2022-08-26 14:56:54 INFO  BaseClass:45 - Application URL :https://www.bookswagon.com/login
  2022-08-26 14:57:04 INFO  BaseClass:48 - user request the book Method Runing...
  2022-08-26 14:57:13 INFO  WishListTest:31 - ******** Starting test cases execution  *********
  2022-08-26 14:57:13 INFO  BaseClass:40 - Brower Name :chrome
  2022-08-26 14:57:14 INFO  BaseClass:45 - Application URL :https://www.bookswagon.com/login
  2022-08-26 14:57:20 INFO  WishListTest:40 - Feature Author Method Runing...
  2022-08-26 14:57:36 INFO  WishListTest:84 - browser is closed
  2022-08-26 14:57:36 INFO  WishListTest:31 - ******** Starting test cases execution  *********
  2022-08-26 14:57:36 INFO  BaseClass:40 - Brower Name :chrome
  2022-08-26 14:57:37 INFO  BaseClass:45 - Application URL :https://www.bookswagon.com/login
  2022-08-26 14:57:42 INFO  WishListTest:49 - Search by book name Method Runing...
  2022-08-26 14:57:58 INFO  WishListTest:84 - browser is closed
  2022-08-26 14:57:58 INFO  WishListTest:31 - ******** Starting test cases execution  *********
  2022-08-26 14:57:58 INFO  BaseClass:40 - Brower Name :chrome
  2022-08-26 14:57:59 INFO  BaseClass:45 - Application URL :https://www.bookswagon.com/login
  2022-08-26 14:58:07 INFO  WishListTest:58 - Search by Author name Method Runing...
  2022-08-26 14:58:25 INFO  WishListTest:84 - browser is closed
  2022-08-26 14:58:25 INFO  WishListTest:31 - ******** Starting test cases execution  *********
  2022-08-26 14:58:25 INFO  BaseClass:40 - Brower Name :chrome
  2022-08-26 14:58:26 INFO  BaseClass:45 - Application URL :https://www.bookswagon.com/login
  2022-08-26 14:58:31 INFO  WishListTest:67 - Search by Publisher Method Runing...
  2022-08-26 14:58:47 INFO  WishListTest:84 - browser is closed
  2022-08-26 14:58:47 INFO  WishListTest:31 - ******** Starting test cases execution  *********
  2022-08-26 14:58:47 INFO  BaseClass:40 - Brower Name :chrome
  2022-08-26 14:58:47 INFO  BaseClass:45 - Application URL :https://www.bookswagon.com/login
  2022-08-26 14:58:53 INFO  WishListTest:76 - Wishlist Method Runing...
  2022-08-26 14:59:03 INFO  WishListTest:84 - browser is closed
  2022-08-26 15:03:23 INFO  BaseClass:40 - Brower Name :chrome
  2022-08-26 15:03:26 INFO  BaseClass:45 - Application URL :https://www.bookswagon.com/login
  2022-08-26 15:03:33 INFO  BaseClass:48 - user request the book Method Runing...
  2022-08-26 15:03:42 INFO  BaseClass:40 - Brower Name :chrome
  2022-08-26 15:03:43 INFO  BaseClass:45 - Application URL :https://www.bookswagon.com/login
  2022-08-26 15:03:49 INFO  BaseClass:48 - user request the book Method Runing...
  2022-08-26 15:24:12 INFO  BaseClass:40 - Brower Name :chrome
  2022-08-26 15:24:16 INFO  BaseClass:45 - Application URL :https://www.bookswagon.com/login
  2022-08-26 15:24:50 INFO  BaseClass:48 - user request the book Method Runing...
  2022-08-26 15:25:01 INFO  BaseClass:40 - Brower Name :chrome
  2022-08-26 15:25:03 INFO  BaseClass:45 - Application URL :https://www.bookswagon.com/login
  2022-08-26 15:25:32 INFO  BaseClass:48 - user request the book Method Runing...
  2022-08-26 15:44:56 INFO  WishListTest:31 - ******** Starting test cases execution  *********
  2022-08-26 15:44:56 INFO  BaseClass:40 - Brower Name :chrome
  2022-08-26 15:45:00 INFO  BaseClass:45 - Application URL :https://www.bookswagon.com/login
  2022-08-26 15:45:50 INFO  WishListTest:40 - Feature Author Method Runing...
  2022-08-26 15:45:55 INFO  WishListTest:84 - browser is closed
  2022-08-26 20:46:24 INFO  WishListTest:31 - ******** Starting test cases execution  *********
  2022-08-26 20:46:24 INFO  BaseClass:40 - Brower Name :chrome
  2022-08-26 20:46:27 INFO  BaseClass:45 - Application URL :https://www.bookswagon.com/login
  2022-08-26 20:46:40 INFO  WishListTest:40 - Feature Author Method Runing...
  2022-08-26 20:46:46 INFO  WishListTest:84 - browser is closed
  2022-08-26 20:46:46 INFO  WishListTest:31 - ******** Starting test cases execution  *********
  2022-08-26 20:46:46 INFO  BaseClass:40 - Brower Name :chrome
  2022-08-26 20:46:47 INFO  BaseClass:45 - Application URL :https://www.bookswagon.com/login
  2022-08-26 20:47:07 INFO  WishListTest:49 - Search by book name Method Runing...
  2022-08-26 20:47:18 INFO  WishListTest:84 - browser is closed
  2022-08-26 20:47:18 INFO  WishListTest:31 - ******** Starting test cases execution  *********
  2022-08-26 20:47:18 INFO  BaseClass:40 - Brower Name :chrome
  2022-08-26 20:47:19 INFO  BaseClass:45 - Application URL :https://www.bookswagon.com/login
  2022-08-26 20:47:38 INFO  WishListTest:58 - Search by Author name Method Runing...
  2022-08-26 20:47:53 INFO  WishListTest:84 - browser is closed
  2022-08-26 20:47:53 INFO  WishListTest:31 - ******** Starting test cases execution  *********
  2022-08-26 20:47:53 INFO  BaseClass:40 - Brower Name :chrome
  2022-08-26 20:47:54 INFO  BaseClass:45 - Application URL :https://www.bookswagon.com/login
  2022-08-26 20:48:13 INFO  WishListTest:67 - Search by Publisher Method Runing...
  2022-08-26 20:48:27 INFO  WishListTest:84 - browser is closed
  2022-08-26 20:48:27 INFO  WishListTest:31 - ******** Starting test cases execution  *********
  2022-08-26 20:48:27 INFO  BaseClass:40 - Brower Name :chrome
  2022-08-26 20:48:28 INFO  BaseClass:45 - Application URL :https://www.bookswagon.com/login
  2022-08-26 20:48:37 INFO  WishListTest:76 - Wishlist Method Runing...
  2022-08-26 20:48:47 INFO  WishListTest:84 - browser is closed
  2022-08-26 20:56:31 INFO  WishListTest:31 - ******** Starting test cases execution  *********
  2022-08-26 20:56:31 INFO  BaseClass:40 - Brower Name :chrome
  2022-08-26 20:56:34 INFO  BaseClass:45 - Application URL :https://www.bookswagon.com/login
  2022-08-26 20:57:10 INFO  WishListTest:40 - Feature Author Method Runing...
  2022-08-26 20:57:26 INFO  WishListTest:84 - browser is closed
  2022-08-26 20:57:26 INFO  WishListTest:31 - ******** Starting test cases execution  *********
  2022-08-26 20:57:26 INFO  BaseClass:40 - Brower Name :chrome
  2022-08-26 20:57:28 INFO  BaseClass:45 - Application URL :https://www.bookswagon.com/login
  2022-08-26 20:58:45 INFO  WishListTest:49 - Search by book name Method Runing...
  2022-08-26 20:58:57 INFO  WishListTest:84 - browser is closed
  2022-08-26 20:58:57 INFO  WishListTest:31 - ******** Starting test cases execution  *********
  2022-08-26 20:58:57 INFO  BaseClass:40 - Brower Name :chrome
  2022-08-26 20:58:58 INFO  BaseClass:45 - Application URL :https://www.bookswagon.com/login
  2022-08-26 20:59:17 INFO  WishListTest:58 - Search by Author name Method Runing...
  2022-08-26 20:59:33 INFO  WishListTest:84 - browser is closed
  2022-08-26 20:59:33 INFO  WishListTest:31 - ******** Starting test cases execution  *********
  2022-08-26 20:59:33 INFO  BaseClass:40 - Brower Name :chrome
  2022-08-26 20:59:34 INFO  BaseClass:45 - Application URL :https://www.bookswagon.com/login
  2022-08-26 21:01:53 INFO  WishListTest:67 - Search by Publisher Method Runing...
  2022-08-26 21:02:06 INFO  WishListTest:84 - browser is closed
  2022-08-26 21:02:06 INFO  WishListTest:31 - ******** Starting test cases execution  *********
  2022-08-26 21:02:06 INFO  BaseClass:40 - Brower Name :chrome
  2022-08-26 21:02:07 INFO  BaseClass:45 - Application URL :https://www.bookswagon.com/login
  2022-08-26 21:02:44 INFO  WishListTest:76 - Wishlist Method Runing...
  2022-08-26 21:03:09 INFO  WishListTest:84 - browser is closed
  2022-08-26 21:06:58 INFO  WishListTest:31 - ******** Starting test cases execution  *********
  2022-08-26 21:06:58 INFO  BaseClass:40 - Brower Name :chrome
  2022-08-26 21:07:00 INFO  BaseClass:45 - Application URL :https://www.bookswagon.com/login
  2022-08-26 21:07:37 INFO  WishListTest:40 - Feature Author Method Runing...
  2022-08-26 21:07:52 INFO  WishListTest:84 - browser is closed
  2022-08-26 21:07:52 INFO  WishListTest:31 - ******** Starting test cases execution  *********
  2022-08-26 21:07:52 INFO  BaseClass:40 - Brower Name :chrome
  2022-08-26 21:07:53 INFO  BaseClass:45 - Application URL :https://www.bookswagon.com/login
  2022-08-26 21:08:30 INFO  WishListTest:49 - Search by book name Method Runing...
  2022-08-26 21:08:43 INFO  WishListTest:84 - browser is closed
  2022-08-26 21:08:43 INFO  WishListTest:31 - ******** Starting test cases execution  *********
  2022-08-26 21:08:43 INFO  BaseClass:40 - Brower Name :chrome
  2022-08-26 21:08:45 INFO  BaseClass:45 - Application URL :https://www.bookswagon.com/login
  2022-08-26 21:09:48 INFO  WishListTest:58 - Search by Author name Method Runing...
  2022-08-26 21:10:02 INFO  WishListTest:84 - browser is closed
  2022-08-26 21:10:02 INFO  WishListTest:31 - ******** Starting test cases execution  *********
  2022-08-26 21:10:02 INFO  BaseClass:40 - Brower Name :chrome
  2022-08-26 21:10:03 INFO  BaseClass:45 - Application URL :https://www.bookswagon.com/login
  2022-08-26 21:10:55 INFO  WishListTest:67 - Search by Publisher Method Runing...
  2022-08-26 21:11:15 INFO  WishListTest:84 - browser is closed
  2022-08-26 21:11:15 INFO  WishListTest:31 - ******** Starting test cases execution  *********
  2022-08-26 21:11:15 INFO  BaseClass:40 - Brower Name :chrome
  2022-08-26 21:11:17 INFO  BaseClass:45 - Application URL :https://www.bookswagon.com/login
  2022-08-26 21:11:54 INFO  WishListTest:76 - Wishlist Method Runing...
  2022-08-26 21:12:04 INFO  WishListTest:84 - browser is closed
  2022-08-26 21:15:59 INFO  WishListTest:31 - ******** Starting test cases execution  *********
  2022-08-26 21:15:59 INFO  BaseClass:40 - Brower Name :chrome
  2022-08-26 21:16:02 INFO  BaseClass:45 - Application URL :https://www.bookswagon.com/login
  2022-08-26 21:16:50 INFO  WishListTest:40 - Feature Author Method Runing...
  2022-08-26 21:17:27 INFO  WishListTest:84 - browser is closed
  2022-08-26 21:17:27 INFO  WishListTest:31 - ******** Starting test cases execution  *********
  2022-08-26 21:17:27 INFO  BaseClass:40 - Brower Name :chrome
  2022-08-26 21:17:28 INFO  BaseClass:45 - Application URL :https://www.bookswagon.com/login
  2022-08-26 21:17:56 INFO  WishListTest:49 - Search by book name Method Runing...
  2022-08-26 21:18:07 INFO  WishListTest:84 - browser is closed
  2022-08-26 21:18:07 INFO  WishListTest:31 - ******** Starting test cases execution  *********
  2022-08-26 21:18:07 INFO  BaseClass:40 - Brower Name :chrome
  2022-08-26 21:18:08 INFO  BaseClass:45 - Application URL :https://www.bookswagon.com/login
  2022-08-26 21:18:18 INFO  WishListTest:58 - Search by Author name Method Runing...
  2022-08-26 21:18:32 INFO  WishListTest:84 - browser is closed
  2022-08-26 21:18:32 INFO  WishListTest:31 - ******** Starting test cases execution  *********
  2022-08-26 21:18:32 INFO  BaseClass:40 - Brower Name :chrome
  2022-08-26 21:18:33 INFO  BaseClass:45 - Application URL :https://www.bookswagon.com/login
  2022-08-26 21:18:47 INFO  WishListTest:67 - Search by Publisher Method Runing...
  2022-08-26 21:18:59 INFO  WishListTest:84 - browser is closed
  2022-08-26 21:18:59 INFO  WishListTest:31 - ******** Starting test cases execution  *********
  2022-08-26 21:18:59 INFO  BaseClass:40 - Brower Name :chrome
  2022-08-26 21:19:00 INFO  BaseClass:45 - Application URL :https://www.bookswagon.com/login
  2022-08-26 21:19:38 INFO  WishListTest:76 - Wishlist Method Runing...
  2022-08-26 21:19:51 INFO  WishListTest:84 - browser is closed
  2022-08-26 21:21:31 INFO  WishListTest:31 - ******** Starting test cases execution  *********
  2022-08-26 21:21:31 INFO  BaseClass:40 - Brower Name :chrome
  2022-08-26 21:21:34 INFO  BaseClass:45 - Application URL :https://www.bookswagon.com/login
  2022-08-26 21:22:23 INFO  WishListTest:67 - Search by Publisher Method Runing...
  2022-08-26 21:22:35 INFO  WishListTest:84 - browser is closed
  2022-08-26 21:22:50 INFO  WishListTest:31 - ******** Starting test cases execution  *********
  2022-08-26 21:22:50 INFO  BaseClass:40 - Brower Name :chrome
  2022-08-26 21:22:53 INFO  BaseClass:45 - Application URL :https://www.bookswagon.com/login
  2022-08-26 21:23:13 INFO  WishListTest:58 - Search by Author name Method Runing...
  2022-08-26 21:23:27 INFO  WishListTest:84 - browser is closed
  2022-08-26 21:27:54 INFO  BaseClass:40 - Brower Name :chrome
  2022-08-26 21:27:58 INFO  BaseClass:45 - Application URL :https://www.bookswagon.com/login
  2022-08-26 21:28:16 INFO  BaseClass:50 - user change the password Method Runing...
  2022-08-26 21:28:33 INFO  BaseClass:40 - Brower Name :chrome
  2022-08-26 21:28:34 INFO  BaseClass:45 - Application URL :https://www.bookswagon.com/login
  2022-08-26 21:29:03 INFO  BaseClass:37 - LoginTest Method Runing...
  2022-08-26 21:29:54 INFO  BaseClass:40 - Brower Name :chrome
  2022-08-26 21:29:55 INFO  BaseClass:45 - Application URL :https://www.bookswagon.com/login
  2022-08-26 21:32:50 INFO  BaseClass:53 - Multiple user login Method Runing...
  2022-08-26 21:33:02 INFO  BaseClass:40 - Brower Name :chrome
  2022-08-26 21:33:04 INFO  BaseClass:45 - Application URL :https://www.bookswagon.com/login
  2022-08-26 21:33:38 INFO  BaseClass:53 - Multiple user login Method Runing...
  2022-08-26 21:33:48 INFO  BaseClass:40 - Brower Name :chrome
  2022-08-26 21:33:49 INFO  BaseClass:45 - Application URL :https://www.bookswagon.com/login
  2022-08-26 21:34:08 INFO  BaseClass:53 - Multiple user login Method Runing...
  2022-08-26 21:34:16 INFO  BaseClass:40 - Brower Name :chrome
  2022-08-26 21:34:18 INFO  BaseClass:45 - Application URL :https://www.bookswagon.com/login
  2022-08-26 21:34:33 INFO  BaseClass:48 - user request the book Method Runing...
  2022-08-26 21:34:43 INFO  BaseClass:40 - Brower Name :chrome
  2022-08-26 21:34:44 INFO  BaseClass:45 - Application URL :https://www.bookswagon.com/login
  2022-08-26 21:35:12 INFO  BaseClass:48 - user request the book Method Runing...
  2022-08-26 21:35:23 INFO  WishListTest:31 - ******** Starting test cases execution  *********
  2022-08-26 21:35:23 INFO  BaseClass:40 - Brower Name :chrome
  2022-08-26 21:35:24 INFO  BaseClass:45 - Application URL :https://www.bookswagon.com/login
  2022-08-26 21:35:47 INFO  WishListTest:40 - Feature Author Method Runing...
  2022-08-26 21:36:05 INFO  WishListTest:84 - browser is closed
  2022-08-26 21:36:05 INFO  WishListTest:31 - ******** Starting test cases execution  *********
  2022-08-26 21:36:05 INFO  BaseClass:40 - Brower Name :chrome
  2022-08-26 21:36:06 INFO  BaseClass:45 - Application URL :https://www.bookswagon.com/login
  2022-08-26 21:36:29 INFO  WishListTest:49 - Search by book name Method Runing...
  2022-08-26 21:36:43 INFO  WishListTest:84 - browser is closed
  2022-08-26 21:36:43 INFO  WishListTest:31 - ******** Starting test cases execution  *********
  2022-08-26 21:36:43 INFO  BaseClass:40 - Brower Name :chrome
  2022-08-26 21:36:45 INFO  BaseClass:45 - Application URL :https://www.bookswagon.com/login
  2022-08-26 21:38:11 INFO  WishListTest:58 - Search by Author name Method Runing...
  2022-08-26 21:38:27 INFO  WishListTest:84 - browser is closed
  2022-08-26 21:38:27 INFO  WishListTest:31 - ******** Starting test cases execution  *********
  2022-08-26 21:38:27 INFO  BaseClass:40 - Brower Name :chrome
  2022-08-26 21:38:29 INFO  BaseClass:45 - Application URL :https://www.bookswagon.com/login
  2022-08-26 21:38:46 INFO  WishListTest:67 - Search by Publisher Method Runing...
  2022-08-26 21:38:58 INFO  WishListTest:84 - browser is closed
  2022-08-26 21:38:58 INFO  WishListTest:31 - ******** Starting test cases execution  *********
  2022-08-26 21:38:58 INFO  BaseClass:40 - Brower Name :chrome
  2022-08-26 21:38:59 INFO  BaseClass:45 - Application URL :https://www.bookswagon.com/login
  2022-08-26 21:39:16 INFO  WishListTest:76 - Wishlist Method Runing...
  2022-08-26 21:39:25 INFO  WishListTest:84 - browser is closed
  2022-08-27 13:54:02 INFO  BaseClass:40 - Brower Name :chrome
  2022-08-27 13:54:10 INFO  BaseClass:45 - Application URL :https://www.bookswagon.com/login
  2022-08-27 13:54:39 INFO  BaseClass:50 - user change the password Method Runing...
  2022-08-27 13:54:55 INFO  BaseClass:40 - Brower Name :chrome
  2022-08-27 13:54:57 INFO  BaseClass:45 - Application URL :https://www.bookswagon.com/login
  2022-08-27 13:55:04 INFO  BaseClass:37 - LoginTest Method Runing...
  2022-08-27 13:55:14 INFO  BaseClass:40 - Brower Name :chrome
  2022-08-27 13:55:15 INFO  BaseClass:45 - Application URL :https://www.bookswagon.com/login
  2022-08-27 13:55:23 INFO  BaseClass:53 - Multiple user login Method Runing...
  2022-08-27 13:55:29 INFO  BaseClass:40 - Brower Name :chrome
  2022-08-27 13:55:31 INFO  BaseClass:45 - Application URL :https://www.bookswagon.com/login
  2022-08-27 13:55:46 INFO  BaseClass:53 - Multiple user login Method Runing...
  2022-08-27 13:55:53 INFO  BaseClass:40 - Brower Name :chrome
  2022-08-27 13:55:54 INFO  BaseClass:45 - Application URL :https://www.bookswagon.com/login
  2022-08-27 13:56:03 INFO  BaseClass:53 - Multiple user login Method Runing...
  2022-08-27 13:56:10 INFO  BaseClass:40 - Brower Name :chrome
  2022-08-27 13:56:11 INFO  BaseClass:45 - Application URL :https://www.bookswagon.com/login
  2022-08-27 13:56:19 INFO  BaseClass:48 - user request the book Method Runing...
  2022-08-27 13:56:29 INFO  BaseClass:40 - Brower Name :chrome
  2022-08-27 13:56:30 INFO  BaseClass:45 - Application URL :https://www.bookswagon.com/login
  2022-08-27 13:56:44 INFO  BaseClass:48 - user request the book Method Runing...
  2022-08-27 13:56:54 INFO  WishListTest:31 - ******** Starting test cases execution  *********
  2022-08-27 13:56:54 INFO  BaseClass:40 - Brower Name :chrome
  2022-08-27 13:56:55 INFO  BaseClass:45 - Application URL :https://www.bookswagon.com/login
  2022-08-27 13:57:14 INFO  WishListTest:40 - Feature Author Method Runing...
  2022-08-27 13:57:29 INFO  WishListTest:84 - browser is closed
  2022-08-27 13:57:29 INFO  WishListTest:31 - ******** Starting test cases execution  *********
  2022-08-27 13:57:29 INFO  BaseClass:40 - Brower Name :chrome
  2022-08-27 13:57:30 INFO  BaseClass:45 - Application URL :https://www.bookswagon.com/login
  2022-08-27 13:57:40 INFO  WishListTest:49 - Search by book name Method Runing...
  2022-08-27 13:57:52 INFO  WishListTest:84 - browser is closed
  2022-08-27 13:57:52 INFO  WishListTest:31 - ******** Starting test cases execution  *********
  2022-08-27 13:57:52 INFO  BaseClass:40 - Brower Name :chrome
  2022-08-27 13:57:53 INFO  BaseClass:45 - Application URL :https://www.bookswagon.com/login
  2022-08-27 13:58:03 INFO  WishListTest:58 - Search by Author name Method Runing...
  2022-08-27 13:58:19 INFO  WishListTest:84 - browser is closed
  2022-08-27 13:58:19 INFO  WishListTest:31 - ******** Starting test cases execution  *********
  2022-08-27 13:58:19 INFO  BaseClass:40 - Brower Name :chrome
  2022-08-27 13:58:21 INFO  BaseClass:45 - Application URL :https://www.bookswagon.com/login
  2022-08-27 13:58:48 INFO  WishListTest:67 - Search by Publisher Method Runing...
  2022-08-27 13:59:02 INFO  WishListTest:84 - browser is closed
  2022-08-27 13:59:02 INFO  WishListTest:31 - ******** Starting test cases execution  *********
  2022-08-27 13:59:02 INFO  BaseClass:40 - Brower Name :chrome
  2022-08-27 13:59:03 INFO  BaseClass:45 - Application URL :https://www.bookswagon.com/login
  2022-08-27 13:59:52 INFO  WishListTest:76 - Wishlist Method Runing...
  2022-08-27 14:00:02 INFO  WishListTest:84 - browser is closed
  2022-08-27 14:08:13 INFO  BaseClass:40 - Brower Name :chrome
  2022-08-27 14:08:16 INFO  BaseClass:45 - Application URL :https://www.bookswagon.com/login
  2022-08-27 14:08:21 INFO  BaseClass:50 - user change the password Method Runing...
  2022-08-27 14:08:38 INFO  BaseClass:40 - Brower Name :chrome
  2022-08-27 14:08:39 INFO  BaseClass:45 - Application URL :https://www.bookswagon.com/login
  2022-08-27 14:08:52 INFO  BaseClass:37 - LoginTest Method Runing...
  2022-08-27 14:09:01 INFO  BaseClass:40 - Brower Name :chrome
  2022-08-27 14:09:02 INFO  BaseClass:45 - Application URL :https://www.bookswagon.com/login
  2022-08-27 14:09:17 INFO  BaseClass:53 - Multiple user login Method Runing...
  2022-08-27 14:09:29 INFO  BaseClass:40 - Brower Name :chrome
  2022-08-27 14:09:30 INFO  BaseClass:45 - Application URL :https://www.bookswagon.com/login
  2022-08-27 14:10:33 INFO  BaseClass:53 - Multiple user login Method Runing...
  2022-08-27 14:10:43 INFO  BaseClass:40 - Brower Name :chrome
  2022-08-27 14:10:45 INFO  BaseClass:45 - Application URL :https://www.bookswagon.com/login
  2022-08-27 14:10:59 INFO  BaseClass:53 - Multiple user login Method Runing...
  2022-08-27 14:11:06 INFO  BaseClass:40 - Brower Name :chrome
  2022-08-27 14:11:07 INFO  BaseClass:45 - Application URL :https://www.bookswagon.com/login
  2022-08-27 14:11:43 INFO  BaseClass:48 - user request the book Method Runing...
  2022-08-27 14:11:58 INFO  BaseClass:40 - Brower Name :chrome
  2022-08-27 14:11:59 INFO  BaseClass:45 - Application URL :https://www.bookswagon.com/login
  2022-08-27 14:12:22 INFO  BaseClass:48 - user request the book Method Runing...
  2022-08-27 14:12:33 INFO  WishListTest:31 - ******** Starting test cases execution  *********
  2022-08-27 14:12:33 INFO  BaseClass:40 - Brower Name :chrome
  2022-08-27 14:12:35 INFO  BaseClass:45 - Application URL :https://www.bookswagon.com/login
  2022-08-27 14:13:47 INFO  WishListTest:40 - Feature Author Method Runing...
  2022-08-27 14:14:28 INFO  WishListTest:84 - browser is closed
  2022-08-27 14:14:28 INFO  WishListTest:31 - ******** Starting test cases execution  *********
  2022-08-27 14:14:28 INFO  BaseClass:40 - Brower Name :chrome
  2022-08-27 14:14:29 INFO  BaseClass:45 - Application URL :https://www.bookswagon.com/login
  2022-08-27 14:15:01 INFO  WishListTest:49 - Search by book name Method Runing...
  2022-08-27 14:15:13 INFO  WishListTest:84 - browser is closed
  2022-08-27 14:15:13 INFO  WishListTest:31 - ******** Starting test cases execution  *********
  2022-08-27 14:15:13 INFO  BaseClass:40 - Brower Name :chrome
  2022-08-27 14:15:15 INFO  BaseClass:45 - Application URL :https://www.bookswagon.com/login
  2022-08-27 14:15:46 INFO  WishListTest:58 - Search by Author name Method Runing...
  2022-08-27 14:16:05 INFO  WishListTest:84 - browser is closed
  2022-08-27 14:16:05 INFO  WishListTest:31 - ******** Starting test cases execution  *********
  2022-08-27 14:16:05 INFO  BaseClass:40 - Brower Name :chrome
  2022-08-27 14:16:07 INFO  BaseClass:45 - Application URL :https://www.bookswagon.com/login
  2022-08-27 14:17:43 INFO  WishListTest:67 - Search by Publisher Method Runing...
  2022-08-27 14:17:59 INFO  WishListTest:84 - browser is closed
  2022-08-27 14:17:59 INFO  WishListTest:31 - ******** Starting test cases execution  *********
  2022-08-27 14:17:59 INFO  BaseClass:40 - Brower Name :chrome
  2022-08-27 14:18:00 INFO  BaseClass:45 - Application URL :https://www.bookswagon.com/login
  2022-08-27 14:18:27 INFO  WishListTest:76 - Wishlist Method Runing...
  2022-08-27 14:18:38 INFO  WishListTest:84 - browser is closed
  2022-08-27 14:22:03 INFO  BaseClass:40 - Brower Name :chrome
  2022-08-27 14:22:07 INFO  BaseClass:45 - Application URL :https://www.bookswagon.com/login
  2022-08-27 14:22:30 INFO  BaseClass:50 - user change the password Method Runing...
  2022-08-27 14:24:00 INFO  BaseClass:40 - Brower Name :chrome
  2022-08-27 14:24:03 INFO  BaseClass:45 - Application URL :https://www.bookswagon.com/login
  2022-08-27 14:24:47 INFO  BaseClass:50 - user change the password Method Runing...
  2022-08-27 14:28:12 INFO  BaseClass:40 - Brower Name :chrome
  2022-08-27 14:28:16 INFO  BaseClass:45 - Application URL :https://www.bookswagon.com/login
  2022-08-27 14:28:34 INFO  BaseClass:50 - user change the password Method Runing...
  2022-08-27 14:28:42 INFO  BaseClass:40 - Brower Name :chrome
  2022-08-27 14:28:43 INFO  BaseClass:45 - Application URL :https://www.bookswagon.com/login
  2022-08-27 14:28:51 INFO  BaseClass:37 - LoginTest Method Runing...
  2022-08-27 14:29:01 INFO  BaseClass:40 - Brower Name :chrome
  2022-08-27 14:29:02 INFO  BaseClass:45 - Application URL :https://www.bookswagon.com/login
  2022-08-27 14:29:20 INFO  BaseClass:53 - Multiple user login Method Runing...
  2022-08-27 14:29:27 INFO  BaseClass:40 - Brower Name :chrome
  2022-08-27 14:29:28 INFO  BaseClass:45 - Application URL :https://www.bookswagon.com/login
  2022-08-27 14:30:19 INFO  BaseClass:53 - Multiple user login Method Runing...
  2022-08-27 14:30:28 INFO  BaseClass:40 - Brower Name :chrome
  2022-08-27 14:30:29 INFO  BaseClass:45 - Application URL :https://www.bookswagon.com/login
  2022-08-27 14:31:04 INFO  BaseClass:53 - Multiple user login Method Runing...
  2022-08-27 14:31:12 INFO  BaseClass:40 - Brower Name :chrome
  2022-08-27 14:31:13 INFO  BaseClass:45 - Application URL :https://www.bookswagon.com/login
  2022-08-27 14:31:40 INFO  BaseClass:48 - user request the book Method Runing...
  2022-08-27 14:31:49 INFO  BaseClass:40 - Brower Name :chrome
  2022-08-27 14:31:50 INFO  BaseClass:45 - Application URL :https://www.bookswagon.com/login
  2022-08-27 14:32:02 INFO  BaseClass:48 - user request the book Method Runing...
  2022-08-27 14:32:11 INFO  WishListTest:31 - ******** Starting test cases execution  *********
  2022-08-27 14:32:11 INFO  BaseClass:40 - Brower Name :chrome
  2022-08-27 14:32:12 INFO  BaseClass:45 - Application URL :https://www.bookswagon.com/login
  2022-08-27 14:32:23 INFO  WishListTest:40 - Feature Author Method Runing...
  2022-08-27 14:32:40 INFO  WishListTest:84 - browser is closed
  2022-08-27 14:32:40 INFO  WishListTest:31 - ******** Starting test cases execution  *********
  2022-08-27 14:32:40 INFO  BaseClass:40 - Brower Name :chrome
  2022-08-27 14:32:42 INFO  BaseClass:45 - Application URL :https://www.bookswagon.com/login
  2022-08-27 14:33:51 INFO  WishListTest:49 - Search by book name Method Runing...
  2022-08-27 14:34:15 INFO  WishListTest:84 - browser is closed
  2022-08-27 14:34:15 INFO  WishListTest:31 - ******** Starting test cases execution  *********
  2022-08-27 14:34:15 INFO  BaseClass:40 - Brower Name :chrome
  2022-08-27 14:34:16 INFO  BaseClass:45 - Application URL :https://www.bookswagon.com/login
  2022-08-27 14:35:37 INFO  WishListTest:58 - Search by Author name Method Runing...
  2022-08-27 14:36:58 INFO  WishListTest:84 - browser is closed
  2022-08-27 14:36:58 INFO  WishListTest:31 - ******** Starting test cases execution  *********
  2022-08-27 14:36:58 INFO  BaseClass:40 - Brower Name :chrome
  2022-08-27 14:37:00 INFO  BaseClass:45 - Application URL :https://www.bookswagon.com/login
  2022-08-27 14:37:42 INFO  WishListTest:67 - Search by Publisher Method Runing...
  2022-08-27 14:37:55 INFO  WishListTest:84 - browser is closed
  2022-08-27 14:37:55 INFO  WishListTest:31 - ******** Starting test cases execution  *********
  2022-08-27 14:37:55 INFO  BaseClass:40 - Brower Name :chrome
  2022-08-27 14:37:57 INFO  BaseClass:45 - Application URL :https://www.bookswagon.com/login
  2022-08-27 14:38:03 INFO  WishListTest:76 - Wishlist Method Runing...
  2022-08-27 14:38:19 INFO  WishListTest:84 - browser is closed
  2022-08-27 14:45:05 INFO  BaseClass:40 - Brower Name :chrome
  2022-08-27 14:45:09 INFO  BaseClass:45 - Application URL :https://www.bookswagon.com/login
  2022-08-27 14:45:24 INFO  BaseClass:50 - user change the password Method Runing...
  2022-08-27 14:45:41 INFO  BaseClass:40 - Brower Name :chrome
  2022-08-27 14:45:42 INFO  BaseClass:45 - Application URL :https://www.bookswagon.com/login
  2022-08-27 14:45:54 INFO  BaseClass:37 - LoginTest Method Runing...
  2022-08-27 14:46:03 INFO  BaseClass:40 - Brower Name :chrome
  2022-08-27 14:46:04 INFO  BaseClass:45 - Application URL :https://www.bookswagon.com/login
  2022-08-27 14:46:20 INFO  BaseClass:53 - Multiple user login Method Runing...
  2022-08-27 14:46:28 INFO  BaseClass:40 - Brower Name :chrome
  2022-08-27 14:46:29 INFO  BaseClass:45 - Application URL :https://www.bookswagon.com/login
  2022-08-27 14:46:55 INFO  BaseClass:53 - Multiple user login Method Runing...
  2022-08-27 14:47:02 INFO  BaseClass:40 - Brower Name :chrome
  2022-08-27 14:47:03 INFO  BaseClass:45 - Application URL :https://www.bookswagon.com/login
  2022-08-27 14:47:26 INFO  BaseClass:53 - Multiple user login Method Runing...
  2022-08-27 14:47:34 INFO  BaseClass:40 - Brower Name :chrome
  2022-08-27 14:47:35 INFO  BaseClass:45 - Application URL :https://www.bookswagon.com/login
  2022-08-27 14:47:56 INFO  BaseClass:48 - user request the book Method Runing...
  2022-08-27 14:48:09 INFO  BaseClass:40 - Brower Name :chrome
  2022-08-27 14:48:10 INFO  BaseClass:45 - Application URL :https://www.bookswagon.com/login
  2022-08-27 14:48:28 INFO  BaseClass:48 - user request the book Method Runing...
  2022-08-27 14:48:39 INFO  WishListTest:31 - ******** Starting test cases execution  *********
  2022-08-27 14:48:39 INFO  BaseClass:40 - Brower Name :chrome
  2022-08-27 14:48:40 INFO  BaseClass:45 - Application URL :https://www.bookswagon.com/login
  2022-08-27 14:48:58 INFO  WishListTest:40 - Feature Author Method Runing...
  2022-08-27 14:49:21 INFO  WishListTest:84 - browser is closed
  2022-08-27 14:49:21 INFO  WishListTest:31 - ******** Starting test cases execution  *********
  2022-08-27 14:49:21 INFO  BaseClass:40 - Brower Name :chrome
  2022-08-27 14:49:22 INFO  BaseClass:45 - Application URL :https://www.bookswagon.com/login
  2022-08-27 14:49:43 INFO  WishListTest:49 - Search by book name Method Runing...
  2022-08-27 14:49:56 INFO  WishListTest:84 - browser is closed
  2022-08-27 14:49:56 INFO  WishListTest:31 - ******** Starting test cases execution  *********
  2022-08-27 14:49:56 INFO  BaseClass:40 - Brower Name :chrome
  2022-08-27 14:49:57 INFO  BaseClass:45 - Application URL :https://www.bookswagon.com/login
  2022-08-27 14:50:22 INFO  WishListTest:58 - Search by Author name Method Runing...
  2022-08-27 14:50:38 INFO  WishListTest:84 - browser is closed
  2022-08-27 14:50:38 INFO  WishListTest:31 - ******** Starting test cases execution  *********
  2022-08-27 14:50:38 INFO  BaseClass:40 - Brower Name :chrome
  2022-08-27 14:50:39 INFO  BaseClass:45 - Application URL :https://www.bookswagon.com/login
  2022-08-27 14:51:06 INFO  WishListTest:67 - Search by Publisher Method Runing...
  2022-08-27 14:51:18 INFO  WishListTest:84 - browser is closed
  2022-08-27 14:51:18 INFO  WishListTest:31 - ******** Starting test cases execution  *********
  2022-08-27 14:51:18 INFO  BaseClass:40 - Brower Name :chrome
  2022-08-27 14:51:19 INFO  BaseClass:45 - Application URL :https://www.bookswagon.com/login
  2022-08-27 14:51:46 INFO  WishListTest:76 - Wishlist Method Runing...
  2022-08-27 14:51:56 INFO  WishListTest:84 - browser is closed
  2022-08-27 14:52:59 INFO  BaseClass:40 - Brower Name :chrome
  2022-08-27 14:53:03 INFO  BaseClass:45 - Application URL :https://www.bookswagon.com/login
  2022-08-27 14:54:02 INFO  BaseClass:50 - user change the password Method Runing...
  2022-08-27 14:55:33 INFO  BaseClass:40 - Brower Name :chrome
  2022-08-27 14:55:36 INFO  BaseClass:45 - Application URL :https://www.bookswagon.com/login
  2022-08-27 14:56:27 INFO  BaseClass:50 - user change the password Method Runing...
  2022-08-27 15:01:15 INFO  BaseClass:40 - Brower Name :chrome
  2022-08-27 15:01:18 INFO  BaseClass:45 - Application URL :https://www.bookswagon.com/login
  2022-08-27 15:02:31 INFO  BaseClass:50 - user change the password Method Runing...
  2022-08-27 15:05:02 INFO  BaseClass:40 - Brower Name :chrome
  2022-08-27 15:05:05 INFO  BaseClass:45 - Application URL :https://www.bookswagon.com/login
  2022-08-27 15:05:13 INFO  BaseClass:50 - user change the password Method Runing...
  2022-08-27 15:06:21 INFO  BaseClass:40 - Brower Name :chrome
  2022-08-27 15:06:24 INFO  BaseClass:45 - Application URL :https://www.bookswagon.com/login
  2022-08-27 15:06:31 INFO  BaseClass:50 - user change the password Method Runing...
  2022-08-27 15:14:55 INFO  Change_PasswordTest:37 - ******** Starting test cases execution  *********
  2022-08-27 15:14:55 INFO  BaseClass:40 - Brower Name :chrome
  2022-08-27 15:14:58 INFO  BaseClass:45 - Application URL :https://www.bookswagon.com/login
  2022-08-27 15:17:42 INFO  Change_PasswordTest:36 - ******** Starting test cases execution  *********
  2022-08-27 15:17:42 INFO  BaseClass:40 - Brower Name :chrome
  2022-08-27 15:17:45 INFO  BaseClass:45 - Application URL :https://www.bookswagon.com/login
  2022-08-27 15:18:00 INFO  Change_PasswordTest:68 - browser is closed
  2022-08-27 15:20:20 INFO  Change_PasswordTest:36 - ******** Starting test cases execution  *********
  2022-08-27 15:20:20 INFO  BaseClass:40 - Brower Name :chrome
  2022-08-27 15:20:24 INFO  BaseClass:45 - Application URL :https://www.bookswagon.com/login
  2022-08-27 15:21:04 INFO  Change_PasswordTest:68 - browser is closed
  2022-08-27 15:21:04 INFO  BaseClass:40 - Brower Name :chrome
  2022-08-27 15:21:05 INFO  BaseClass:45 - Application URL :https://www.bookswagon.com/login
  2022-08-27 15:21:22 INFO  BaseClass:37 - LoginTest Method Runing...
  2022-08-27 15:21:30 INFO  BaseClass:40 - Brower Name :chrome
  2022-08-27 15:21:31 INFO  BaseClass:45 - Application URL :https://www.bookswagon.com/login
  2022-08-27 15:21:43 INFO  BaseClass:53 - Multiple user login Method Runing...
  2022-08-27 15:21:50 INFO  BaseClass:40 - Brower Name :chrome
  2022-08-27 15:21:51 INFO  BaseClass:45 - Application URL :https://www.bookswagon.com/login
  2022-08-27 15:21:56 INFO  BaseClass:53 - Multiple user login Method Runing...
  2022-08-27 15:22:02 INFO  BaseClass:40 - Brower Name :chrome
  2022-08-27 15:22:03 INFO  BaseClass:45 - Application URL :https://www.bookswagon.com/login
  2022-08-27 15:22:09 INFO  BaseClass:53 - Multiple user login Method Runing...
  2022-08-27 15:22:16 INFO  BaseClass:40 - Brower Name :chrome
  2022-08-27 15:22:17 INFO  BaseClass:45 - Application URL :https://www.bookswagon.com/login
  2022-08-27 15:22:26 INFO  BaseClass:48 - user request the book Method Runing...
  2022-08-27 15:22:34 INFO  BaseClass:40 - Brower Name :chrome
  2022-08-27 15:22:35 INFO  BaseClass:45 - Application URL :https://www.bookswagon.com/login
  2022-08-27 15:22:40 INFO  BaseClass:48 - user request the book Method Runing...
  2022-08-27 15:22:48 INFO  WishListTest:31 - ******** Starting test cases execution  *********
  2022-08-27 15:22:48 INFO  BaseClass:40 - Brower Name :chrome
  2022-08-27 15:22:49 INFO  BaseClass:45 - Application URL :https://www.bookswagon.com/login
  2022-08-27 15:22:54 INFO  WishListTest:40 - Feature Author Method Runing...
  2022-08-27 15:23:35 INFO  WishListTest:84 - browser is closed
  2022-08-27 15:23:35 INFO  WishListTest:31 - ******** Starting test cases execution  *********
  2022-08-27 15:23:35 INFO  BaseClass:40 - Brower Name :chrome
  2022-08-27 15:23:38 INFO  BaseClass:45 - Application URL :https://www.bookswagon.com/login
  2022-08-27 15:23:45 INFO  WishListTest:49 - Search by book name Method Runing...
  2022-08-27 15:23:57 INFO  WishListTest:84 - browser is closed
  2022-08-27 15:23:57 INFO  WishListTest:31 - ******** Starting test cases execution  *********
  2022-08-27 15:23:57 INFO  BaseClass:40 - Brower Name :chrome
  2022-08-27 15:23:59 INFO  BaseClass:45 - Application URL :https://www.bookswagon.com/login
  2022-08-27 15:24:06 INFO  WishListTest:58 - Search by Author name Method Runing...
  2022-08-27 15:24:20 INFO  WishListTest:84 - browser is closed
  2022-08-27 15:24:20 INFO  WishListTest:31 - ******** Starting test cases execution  *********
  2022-08-27 15:24:20 INFO  BaseClass:40 - Brower Name :chrome
  2022-08-27 15:24:22 INFO  BaseClass:45 - Application URL :https://www.bookswagon.com/login
  2022-08-27 15:24:27 INFO  WishListTest:67 - Search by Publisher Method Runing...
  2022-08-27 15:24:40 INFO  WishListTest:84 - browser is closed
  2022-08-27 15:24:40 INFO  WishListTest:31 - ******** Starting test cases execution  *********
  2022-08-27 15:24:40 INFO  BaseClass:40 - Brower Name :chrome
  2022-08-27 15:24:42 INFO  BaseClass:45 - Application URL :https://www.bookswagon.com/login
  2022-08-27 15:24:47 INFO  WishListTest:76 - Wishlist Method Runing...
  2022-08-27 15:25:06 INFO  WishListTest:84 - browser is closed
  2022-08-27 15:26:34 INFO  Change_PasswordTest:36 - ******** Starting test cases execution  *********
  2022-08-27 15:26:34 INFO  BaseClass:40 - Brower Name :chrome
  2022-08-27 15:26:39 INFO  BaseClass:45 - Application URL :https://www.bookswagon.com/login
  2022-08-27 15:27:04 INFO  Change_PasswordTest:68 - browser is closed
  2022-08-27 15:27:04 INFO  BaseClass:40 - Brower Name :chrome
  2022-08-27 15:27:07 INFO  BaseClass:45 - Application URL :https://www.bookswagon.com/login
  2022-08-27 15:27:11 INFO  BaseClass:37 - LoginTest Method Runing...
  2022-08-27 15:27:19 INFO  BaseClass:40 - Brower Name :chrome
  2022-08-27 15:27:21 INFO  BaseClass:45 - Application URL :https://www.bookswagon.com/login
  2022-08-27 15:27:27 INFO  BaseClass:53 - Multiple user login Method Runing...
  2022-08-27 15:27:34 INFO  BaseClass:40 - Brower Name :chrome
  2022-08-27 15:27:35 INFO  BaseClass:45 - Application URL :https://www.bookswagon.com/login
  2022-08-27 15:27:40 INFO  BaseClass:53 - Multiple user login Method Runing...
  2022-08-27 15:27:48 INFO  BaseClass:40 - Brower Name :chrome
  2022-08-27 15:27:50 INFO  BaseClass:45 - Application URL :https://www.bookswagon.com/login
  2022-08-27 15:27:53 INFO  BaseClass:53 - Multiple user login Method Runing...
  2022-08-27 15:28:00 INFO  BaseClass:40 - Brower Name :chrome
  2022-08-27 15:28:02 INFO  BaseClass:45 - Application URL :https://www.bookswagon.com/login
  2022-08-27 15:28:07 INFO  BaseClass:48 - user request the book Method Runing...
  2022-08-27 15:28:16 INFO  BaseClass:40 - Brower Name :chrome
  2022-08-27 15:28:18 INFO  BaseClass:45 - Application URL :https://www.bookswagon.com/login
  2022-08-27 15:28:26 INFO  BaseClass:48 - user request the book Method Runing...
  2022-08-27 15:28:35 INFO  WishListTest:31 - ******** Starting test cases execution  *********
  2022-08-27 15:28:35 INFO  BaseClass:40 - Brower Name :chrome
  2022-08-27 15:28:37 INFO  BaseClass:45 - Application URL :https://www.bookswagon.com/login
  2022-08-27 15:28:45 INFO  WishListTest:40 - Feature Author Method Runing...
  2022-08-27 15:29:01 INFO  WishListTest:84 - browser is closed
  2022-08-27 15:29:01 INFO  WishListTest:31 - ******** Starting test cases execution  *********
  2022-08-27 15:29:01 INFO  BaseClass:40 - Brower Name :chrome
  2022-08-27 15:29:03 INFO  BaseClass:45 - Application URL :https://www.bookswagon.com/login
  2022-08-27 15:29:09 INFO  WishListTest:49 - Search by book name Method Runing...
  2022-08-27 15:29:20 INFO  WishListTest:84 - browser is closed
  2022-08-27 15:29:20 INFO  WishListTest:31 - ******** Starting test cases execution  *********
  2022-08-27 15:29:20 INFO  BaseClass:40 - Brower Name :chrome
  2022-08-27 15:29:21 INFO  BaseClass:45 - Application URL :https://www.bookswagon.com/login
  2022-08-27 15:29:27 INFO  WishListTest:58 - Search by Author name Method Runing...
  2022-08-27 15:29:43 INFO  WishListTest:84 - browser is closed
  2022-08-27 15:29:43 INFO  WishListTest:31 - ******** Starting test cases execution  *********
  2022-08-27 15:29:43 INFO  BaseClass:40 - Brower Name :chrome
  2022-08-27 15:29:44 INFO  BaseClass:45 - Application URL :https://www.bookswagon.com/login
  2022-08-27 15:29:51 INFO  WishListTest:67 - Search by Publisher Method Runing...
  2022-08-27 15:30:03 INFO  WishListTest:84 - browser is closed
  2022-08-27 15:30:03 INFO  WishListTest:31 - ******** Starting test cases execution  *********
  2022-08-27 15:30:03 INFO  BaseClass:40 - Brower Name :chrome
  2022-08-27 15:30:05 INFO  BaseClass:45 - Application URL :https://www.bookswagon.com/login
  2022-08-27 15:30:11 INFO  WishListTest:76 - Wishlist Method Runing...
  2022-08-27 15:30:28 INFO  WishListTest:84 - browser is closed
  2022-08-27 15:32:52 INFO  Change_PasswordTest:36 - ******** Starting test cases execution  *********
  2022-08-27 15:32:52 INFO  BaseClass:40 - Brower Name :chrome
  2022-08-27 15:32:59 INFO  BaseClass:45 - Application URL :https://www.bookswagon.com/login
  2022-08-27 15:33:25 INFO  Change_PasswordTest:68 - browser is closed
  2022-08-27 15:33:25 INFO  BaseClass:40 - Brower Name :chrome
  2022-08-27 15:33:28 INFO  BaseClass:45 - Application URL :https://www.bookswagon.com/login
  2022-08-27 15:33:33 INFO  BaseClass:37 - LoginTest Method Runing...
  2022-08-27 15:33:42 INFO  BaseClass:40 - Brower Name :chrome
  2022-08-27 15:33:44 INFO  BaseClass:45 - Application URL :https://www.bookswagon.com/login
  2022-08-27 15:33:49 INFO  BaseClass:53 - Multiple user login Method Runing...
  2022-08-27 15:33:57 INFO  BaseClass:40 - Brower Name :chrome
  2022-08-27 15:33:59 INFO  BaseClass:45 - Application URL :https://www.bookswagon.com/login
  2022-08-27 15:34:04 INFO  BaseClass:53 - Multiple user login Method Runing...
  2022-08-27 15:34:11 INFO  BaseClass:40 - Brower Name :chrome
  2022-08-27 15:34:13 INFO  BaseClass:45 - Application URL :https://www.bookswagon.com/login
  2022-08-27 15:34:16 INFO  BaseClass:53 - Multiple user login Method Runing...
  2022-08-27 15:34:24 INFO  BaseClass:40 - Brower Name :chrome
  2022-08-27 15:34:25 INFO  BaseClass:45 - Application URL :https://www.bookswagon.com/login
  2022-08-27 15:34:31 INFO  BaseClass:48 - user request the book Method Runing...
  2022-08-27 15:34:40 INFO  BaseClass:40 - Brower Name :chrome
  2022-08-27 15:34:43 INFO  BaseClass:45 - Application URL :https://www.bookswagon.com/login
  2022-08-27 15:34:50 INFO  BaseClass:48 - user request the book Method Runing...
  2022-08-27 15:34:59 INFO  WishListTest:31 - ******** Starting test cases execution  *********
  2022-08-27 15:34:59 INFO  BaseClass:40 - Brower Name :chrome
  2022-08-27 15:35:01 INFO  BaseClass:45 - Application URL :https://www.bookswagon.com/login
  2022-08-27 15:35:08 INFO  WishListTest:40 - Feature Author Method Runing...
  2022-08-27 15:35:24 INFO  WishListTest:84 - browser is closed
  2022-08-27 15:35:24 INFO  WishListTest:31 - ******** Starting test cases execution  *********
  2022-08-27 15:35:24 INFO  BaseClass:40 - Brower Name :chrome
  2022-08-27 15:35:26 INFO  BaseClass:45 - Application URL :https://www.bookswagon.com/login
  2022-08-27 15:35:32 INFO  WishListTest:49 - Search by book name Method Runing...
  2022-08-27 15:35:44 INFO  WishListTest:84 - browser is closed
  2022-08-27 15:35:44 INFO  WishListTest:31 - ******** Starting test cases execution  *********
  2022-08-27 15:35:44 INFO  BaseClass:40 - Brower Name :chrome
  2022-08-27 15:35:46 INFO  BaseClass:45 - Application URL :https://www.bookswagon.com/login
  2022-08-27 15:35:57 INFO  WishListTest:58 - Search by Author name Method Runing...
  2022-08-27 15:36:13 INFO  WishListTest:84 - browser is closed
  2022-08-27 15:36:13 INFO  WishListTest:31 - ******** Starting test cases execution  *********
  2022-08-27 15:36:13 INFO  BaseClass:40 - Brower Name :chrome
  2022-08-27 15:36:15 INFO  BaseClass:45 - Application URL :https://www.bookswagon.com/login
  2022-08-27 15:36:35 INFO  WishListTest:67 - Search by Publisher Method Runing...
  2022-08-27 15:36:47 INFO  WishListTest:84 - browser is closed
  2022-08-27 15:36:47 INFO  WishListTest:31 - ******** Starting test cases execution  *********
  2022-08-27 15:36:47 INFO  BaseClass:40 - Brower Name :chrome
  2022-08-27 15:36:49 INFO  BaseClass:45 - Application URL :https://www.bookswagon.com/login
  2022-08-27 15:36:56 INFO  WishListTest:76 - Wishlist Method Runing...
  2022-08-27 15:37:12 INFO  WishListTest:84 - browser is closed
  